# JRE version: OpenJDK Runtime Environment Corretto-17.0.9.8.1 (17.0.9+8) (build 17.0.9+8-LTS)
# Java VM: OpenJDK 64-Bit Server VM Corretto-17.0.9.8.1 (17.0.9+8-LTS, mixed mode, sharing, tiered, compressed oops, compressed class ptrs, g1 gc, windows-amd64)
GC Precious Log:
 CPUs: 4 total, 4 available
 Memory: 3498M
 Large Page Support: Disabled
 NUMA Support: Disabled
 Compressed Oops: Enabled (32-bit)
 Heap Region Size: 1M
 Heap Min Capacity: 8M
 Heap Initial Capacity: 56M
 Heap Max Capacity: 876M
 Pre-touch: Disabled
 Parallel Workers: 4
 Concurrent Workers: 1
 Concurrent Refinement Workers: 4
 Periodic GC: Disabled
Heap:
 garbage-first heap   total 257024K, used 80658K [0x00000000c9400000, 0x0000000100000000)
  region size 1024K, 22 young (22528K), 1 survivors (1024K)
 Metaspace       used 39859K, committed 40256K, reserved 1114112K
  class space    used 4593K, committed 4736K, reserved 1048576K
GC Heap History (20 events):
Event: 33.056 GC heap before
{Heap before GC invocations=16 (full 0):
 garbage-first heap   total 75776K, used 55929K [0x00000000c9400000, 0x0000000100000000)
  region size 1024K, 14 young (14336K), 2 survivors (2048K)
 Metaspace       used 34395K, committed 34752K, reserved 1114112K
  class space    used 4007K, committed 4160K, reserved 1048576K
}
Event: 33.064 GC heap after
{Heap after GC invocations=17 (full 0):
 garbage-first heap   total 75776K, used 45587K [0x00000000c9400000, 0x0000000100000000)
  region size 1024K, 1 young (1024K), 1 survivors (1024K)
 Metaspace       used 34395K, committed 34752K, reserved 1114112K
  class space    used 4007K, committed 4160K, reserved 1048576K
}
Event: 34.125 GC heap before
{Heap before GC invocations=18 (full 0):
 garbage-first heap   total 81920K, used 56851K [0x00000000c9400000, 0x0000000100000000)
  region size 1024K, 13 young (13312K), 1 survivors (1024K)
 Metaspace       used 35008K, committed 35392K, reserved 1114112K
  class space    used 4074K, committed 4224K, reserved 1048576K
}
Event: 34.129 GC heap after
{Heap after GC invocations=19 (full 0):
 garbage-first heap   total 81920K, used 45595K [0x00000000c9400000, 0x0000000100000000)
  region size 1024K, 1 young (1024K), 1 survivors (1024K)
 Metaspace       used 35008K, committed 35392K, reserved 1114112K
  class space    used 4074K, committed 4224K, reserved 1048576K
}
Event: 34.319 GC heap before
{Heap before GC invocations=19 (full 0):
 garbage-first heap   total 81920K, used 47643K [0x00000000c9400000, 0x0000000100000000)
  region size 1024K, 4 young (4096K), 1 survivors (1024K)
 Metaspace       used 35202K, committed 35520K, reserved 1114112K
  class space    used 4101K, committed 4224K, reserved 1048576K
}
Event: 34.322 GC heap after
{Heap after GC invocations=20 (full 0):
 garbage-first heap   total 81920K, used 45327K [0x00000000c9400000, 0x0000000100000000)
  region size 1024K, 1 young (1024K), 1 survivors (1024K)
 Metaspace       used 35202K, committed 35520K, reserved 1114112K
  class space    used 4101K, committed 4224K, reserved 1048576K
}
Event: 35.185 GC heap before
{Heap before GC invocations=20 (full 0):
 garbage-first heap   total 81920K, used 62735K [0x00000000c9400000, 0x0000000100000000)
  region size 1024K, 18 young (18432K), 1 survivors (1024K)
 Metaspace       used 36668K, committed 36992K, reserved 1114112K
  class space    used 4258K, committed 4416K, reserved 1048576K
}
Event: 35.191 GC heap after
{Heap after GC invocations=21 (full 0):
 garbage-first heap   total 81920K, used 46151K [0x00000000c9400000, 0x0000000100000000)
  region size 1024K, 2 young (2048K), 2 survivors (2048K)
 Metaspace       used 36668K, committed 36992K, reserved 1114112K
  class space    used 4258K, committed 4416K, reserved 1048576K
}
Event: 39.031 GC heap before
{Heap before GC invocations=22 (full 0):
 garbage-first heap   total 81920K, used 67655K [0x00000000c9400000, 0x0000000100000000)
  region size 1024K, 20 young (20480K), 2 survivors (2048K)
 Metaspace       used 37384K, committed 37696K, reserved 1114112K
  class space    used 4357K, committed 4480K, reserved 1048576K
}
Event: 39.047 GC heap after
{Heap after GC invocations=23 (full 0):
 garbage-first heap   total 81920K, used 53042K [0x00000000c9400000, 0x0000000100000000)
  region size 1024K, 3 young (3072K), 3 survivors (3072K)
 Metaspace       used 37384K, committed 37696K, reserved 1114112K
  class space    used 4357K, committed 4480K, reserved 1048576K
}
Event: 39.096 GC heap before
{Heap before GC invocations=23 (full 0):
 garbage-first heap   total 81920K, used 53042K [0x00000000c9400000, 0x0000000100000000)
  region size 1024K, 4 young (4096K), 3 survivors (3072K)
 Metaspace       used 37385K, committed 37696K, reserved 1114112K
  class space    used 4357K, committed 4480K, reserved 1048576K
}
Event: 39.107 GC heap after
{Heap after GC invocations=24 (full 0):
 garbage-first heap   total 81920K, used 53646K [0x00000000c9400000, 0x0000000100000000)
  region size 1024K, 1 young (1024K), 1 survivors (1024K)
 Metaspace       used 37385K, committed 37696K, reserved 1114112K
  class space    used 4357K, committed 4480K, reserved 1048576K
}
Event: 39.265 GC heap before
{Heap before GC invocations=24 (full 0):
 garbage-first heap   total 81920K, used 58766K [0x00000000c9400000, 0x0000000100000000)
  region size 1024K, 7 young (7168K), 1 survivors (1024K)
 Metaspace       used 37422K, committed 37696K, reserved 1114112K
  class space    used 4357K, committed 4480K, reserved 1048576K
}
Event: 39.270 GC heap after
{Heap after GC invocations=25 (full 0):
 garbage-first heap   total 81920K, used 56566K [0x00000000c9400000, 0x0000000100000000)
  region size 1024K, 2 young (2048K), 2 survivors (2048K)
 Metaspace       used 37422K, committed 37696K, reserved 1114112K
  class space    used 4357K, committed 4480K, reserved 1048576K
}
Event: 39.450 GC heap before
{Heap before GC invocations=25 (full 0):
 garbage-first heap   total 106496K, used 62710K [0x00000000c9400000, 0x0000000100000000)
  region size 1024K, 9 young (9216K), 2 survivors (2048K)
 Metaspace       used 35751K, committed 36608K, reserved 1114112K
  class space    used 4156K, committed 4416K, reserved 1048576K
}
Event: 39.475 GC heap after
{Heap after GC invocations=26 (full 0):
 garbage-first heap   total 257024K, used 59392K [0x00000000c9400000, 0x0000000100000000)
  region size 1024K, 2 young (2048K), 2 survivors (2048K)
 Metaspace       used 35751K, committed 36608K, reserved 1114112K
  class space    used 4156K, committed 4416K, reserved 1048576K
}
Event: 42.207 GC heap before
{Heap before GC invocations=27 (full 0):
 garbage-first heap   total 257024K, used 141312K [0x00000000c9400000, 0x0000000100000000)
  region size 1024K, 82 young (83968K), 2 survivors (2048K)
 Metaspace       used 37330K, committed 37696K, reserved 1114112K
  class space    used 4324K, committed 4480K, reserved 1048576K
}
Event: 42.215 GC heap after
{Heap after GC invocations=28 (full 0):
 garbage-first heap   total 257024K, used 64090K [0x00000000c9400000, 0x0000000100000000)
  region size 1024K, 7 young (7168K), 7 survivors (7168K)
 Metaspace       used 37330K, committed 37696K, reserved 1114112K
  class space    used 4324K, committed 4480K, reserved 1048576K
}
Event: 42.577 GC heap before
{Heap before GC invocations=28 (full 0):
 garbage-first heap   total 257024K, used 69210K [0x00000000c9400000, 0x0000000100000000)
  region size 1024K, 12 young (12288K), 7 survivors (7168K)
 Metaspace       used 37701K, committed 38016K, reserved 1114112K
  class space    used 4359K, committed 4480K, reserved 1048576K
}
Event: 42.585 GC heap after
{Heap after GC invocations=29 (full 0):
 garbage-first heap   total 257024K, used 60178K [0x00000000c9400000, 0x0000000100000000)
  region size 1024K, 1 young (1024K), 1 survivors (1024K)
 Metaspace       used 37701K, committed 38016K, reserved 1114112K
  class space    used 4359K, committed 4480K, reserved 1048576K
}

